<?xml version="1.0" encoding="UTF-8"?>
<!-- Generated by org.testng.reporters.JUnitXMLReporter -->
<testsuite ignored="0" hostname="HOF10220L" failures="0" tests="3" name="Command line test" time="23.975" errors="0" timestamp="2021-10-15T16:28:47 EEST">
  <testcase classname="tests.SearchTest" name="openGoogleComInChromeTest2" time="3.484"/>
  <testcase classname="tests.SearchTest" name="openGoogleComInChromeTest2" time="3.421"/>
  <testcase classname="tests.SearchTest" name="searchSeleniumResults" time="3.448"/>
</testsuite> <!-- Command line test -->
