<?xml version="1.0" encoding="UTF-8"?>
<testng-results ignored="0" total="3" passed="3" failed="0" skipped="0">
  <reporter-output>
  </reporter-output>
  <suite started-at="2021-10-15T16:28:23 EEST" name="Command line suite" finished-at="2021-10-15T16:28:47 EEST" duration-ms="23975">
    <groups>
    </groups>
    <test started-at="2021-10-15T16:28:23 EEST" name="Command line test" finished-at="2021-10-15T16:28:47 EEST" duration-ms="23975">
      <class name="tests.SearchTest">
        <test-method is-config="true" signature="setUp()[pri:0, instance:tests.SearchTest@1d296da]" started-at="2021-10-15T16:28:23 EEST" name="setUp" finished-at="2021-10-15T16:28:32 EEST" duration-ms="9106" status="PASS">
          <reporter-output>
          </reporter-output>
        </test-method> <!-- setUp -->
        <test-method signature="openGoogleComInChromeTest2(java.lang.String)[pri:0, instance:tests.SearchTest@1d296da]" started-at="2021-10-15T16:28:32 EEST" name="openGoogleComInChromeTest2" data-provider="dataForSearch" finished-at="2021-10-15T16:28:35 EEST" duration-ms="3484" status="PASS">
          <params>
            <param index="0">
              <value>
                <![CDATA[Selenoid]]>
              </value>
            </param>
          </params>
          <reporter-output>
          </reporter-output>
        </test-method> <!-- openGoogleComInChromeTest2 -->
        <test-method is-config="true" signature="back()[pri:0, instance:tests.SearchTest@1d296da]" started-at="2021-10-15T16:28:35 EEST" name="back" finished-at="2021-10-15T16:28:36 EEST" duration-ms="330" status="PASS">
          <reporter-output>
          </reporter-output>
        </test-method> <!-- back -->
        <test-method signature="openGoogleComInChromeTest2(java.lang.String)[pri:0, instance:tests.SearchTest@1d296da]" started-at="2021-10-15T16:28:36 EEST" name="openGoogleComInChromeTest2" data-provider="dataForSearch" finished-at="2021-10-15T16:28:39 EEST" duration-ms="3421" status="PASS">
          <params>
            <param index="0">
              <value>
                <![CDATA[Selenium webdriver]]>
              </value>
            </param>
          </params>
          <reporter-output>
          </reporter-output>
        </test-method> <!-- openGoogleComInChromeTest2 -->
        <test-method is-config="true" signature="back()[pri:0, instance:tests.SearchTest@1d296da]" started-at="2021-10-15T16:28:39 EEST" name="back" finished-at="2021-10-15T16:28:39 EEST" duration-ms="288" status="PASS">
          <reporter-output>
          </reporter-output>
        </test-method> <!-- back -->
        <test-method signature="searchSeleniumResults()[pri:0, instance:tests.SearchTest@1d296da]" started-at="2021-10-15T16:28:39 EEST" name="searchSeleniumResults" finished-at="2021-10-15T16:28:43 EEST" duration-ms="3448" status="PASS">
          <reporter-output>
          </reporter-output>
        </test-method> <!-- searchSeleniumResults -->
        <test-method is-config="true" signature="back()[pri:0, instance:tests.SearchTest@1d296da]" started-at="2021-10-15T16:28:43 EEST" name="back" finished-at="2021-10-15T16:28:43 EEST" duration-ms="286" status="PASS">
          <reporter-output>
          </reporter-output>
        </test-method> <!-- back -->
        <test-method is-config="true" signature="tearDown()[pri:0, instance:tests.SearchTest@1d296da]" started-at="2021-10-15T16:28:43 EEST" name="tearDown" finished-at="2021-10-15T16:28:47 EEST" duration-ms="3558" status="PASS">
          <reporter-output>
          </reporter-output>
        </test-method> <!-- tearDown -->
      </class> <!-- tests.SearchTest -->
    </test> <!-- Command line test -->
  </suite> <!-- Command line suite -->
</testng-results>
